[2024/09/16 18:28:11.513 +00:00] [WARN] [StorageConfigParser.cpp:287] ["The configuration `path` is deprecated. Check [storage] section for new style."] [thread_id=1]
[2024/09/16 18:28:32.407 +00:00] [ERROR] [<unknown>] ["DB::Exception: Unknown setting use_uncompressed_cache"] [source=Application] [thread_id=1]
[2024/09/16 18:28:32.786 +00:00] [WARN] [StorageConfigParser.cpp:287] ["The configuration `path` is deprecated. Check [storage] section for new style."] [thread_id=1]
[2024/09/16 18:28:48.264 +00:00] [ERROR] [<unknown>] ["DB::Exception: Unknown setting use_uncompressed_cache"] [source=Application] [thread_id=1]
[2024/09/16 18:28:48.719 +00:00] [WARN] [StorageConfigParser.cpp:287] ["The configuration `path` is deprecated. Check [storage] section for new style."] [thread_id=1]
[2024/09/16 18:29:04.204 +00:00] [ERROR] [<unknown>] ["DB::Exception: Unknown setting use_uncompressed_cache"] [source=Application] [thread_id=1]
[2024/09/16 18:29:04.608 +00:00] [WARN] [StorageConfigParser.cpp:287] ["The configuration `path` is deprecated. Check [storage] section for new style."] [thread_id=1]
[2024/09/16 18:29:20.091 +00:00] [ERROR] [<unknown>] ["DB::Exception: Unknown setting use_uncompressed_cache"] [source=Application] [thread_id=1]
[2024/09/16 18:29:20.514 +00:00] [WARN] [StorageConfigParser.cpp:287] ["The configuration `path` is deprecated. Check [storage] section for new style."] [thread_id=1]
[2024/09/16 18:29:35.965 +00:00] [ERROR] [<unknown>] ["DB::Exception: Unknown setting use_uncompressed_cache"] [source=Application] [thread_id=1]
[2024/09/16 18:32:40.958 +00:00] [WARN] [StorageConfigParser.cpp:287] ["The configuration `path` is deprecated. Check [storage] section for new style."] [thread_id=1]
[2024/09/16 18:48:41.850 +00:00] [ERROR] [LocalAdmissionController.cpp:445] ["watch resource group event failed: read watch stream failed, CANCELLED"] [source=LocalAdmissionController] [thread_id=91]
[2024/09/16 18:48:51.924 +00:00] [WARN] [StorageConfigParser.cpp:287] ["The configuration `path` is deprecated. Check [storage] section for new style."] [thread_id=1]
[2024/09/16 19:03:21.379 +00:00] [ERROR] [LocalAdmissionController.cpp:445] ["watch resource group event failed: read watch stream failed, CANCELLED"] [source=LocalAdmissionController] [thread_id=92]
[2024/09/16 19:03:30.366 +00:00] [WARN] [StorageConfigParser.cpp:287] ["The configuration `path` is deprecated. Check [storage] section for new style."] [thread_id=1]
[2024/09/16 19:59:08.744 +00:00] [WARN] [StorageConfigParser.cpp:287] ["The configuration `path` is deprecated. Check [storage] section for new style."] [thread_id=1]
[2024/09/16 20:03:57.468 +00:00] [WARN] [StorageConfigParser.cpp:287] ["The configuration `path` is deprecated. Check [storage] section for new style."] [thread_id=1]
[2024/09/16 20:04:18.806 +00:00] [WARN] [SchemaGetter.cpp:254] ["The schema diff is empty, schema_version=90 key=Diff:90"] [thread_id=26]
[2024/09/17 11:37:30.455 +00:00] [ERROR] [LocalAdmissionController.cpp:445] ["watch resource group event failed: read watch stream failed, CANCELLED"] [source=LocalAdmissionController] [thread_id=105]
[2024/09/17 11:37:41.148 +00:00] [WARN] [StorageConfigParser.cpp:287] ["The configuration `path` is deprecated. Check [storage] section for new style."] [thread_id=1]
[2024/09/17 11:38:10.880 +00:00] [ERROR] [LocalAdmissionController.cpp:445] ["watch resource group event failed: read watch stream failed, CANCELLED"] [source=LocalAdmissionController] [thread_id=117]
[2024/09/17 11:38:20.952 +00:00] [WARN] [StorageConfigParser.cpp:287] ["The configuration `path` is deprecated. Check [storage] section for new style."] [thread_id=1]
[2024/09/17 11:38:43.378 +00:00] [ERROR] [LocalAdmissionController.cpp:445] ["watch resource group event failed: read watch stream failed, CANCELLED"] [source=LocalAdmissionController] [thread_id=90]
[2024/09/17 18:40:45.035 +00:00] [WARN] [StorageConfigParser.cpp:287] ["The configuration `path` is deprecated. Check [storage] section for new style."] [thread_id=1]
[2024/09/17 19:29:01.911 +00:00] [ERROR] [LocalAdmissionController.cpp:445] ["watch resource group event failed: read watch stream failed, Socket closed"] [source=LocalAdmissionController] [thread_id=97]
[2024/09/17 19:29:02.302 +00:00] [ERROR] [<unknown>] ["Send TsoRequest failed"] [source=pingcap.pd] [thread_id=512]
[2024/09/17 19:29:02.305 +00:00] [ERROR] [<unknown>] ["get member failed: 14: failed to connect to all addresses"] [source=pingcap.pd] [thread_id=513]
[2024/09/17 19:29:02.306 +00:00] [WARN] [<unknown>] ["failed to get cluster id by :http://pd0:2379"] [source=pingcap.pd] [thread_id=513]
[2024/09/17 19:29:02.309 +00:00] [ERROR] [<unknown>] ["Exception: failed to update leader"] [source=pingcap.pd] [thread_id=513]
[2024/09/17 19:29:02.312 +00:00] [WARN] [<unknown>] ["update ts error: Exception: Send TsoRequest failed"] [source=pd/oracle] [thread_id=512]
[2024/09/17 19:29:04.364 +00:00] [ERROR] [LocalAdmissionController.h:600] ["delete server id(1684800000) from GAC failed: Code: 0, e.displayText() = DB::Exception: deleteServerIDFromGAC failed, grpc error: {}: Deadline Exceeded, e.what() = DB::Exception"] [source=LocalAdmissionController] [thread_id=1]
[2024/09/17 19:29:07.318 +00:00] [ERROR] [<unknown>] ["Send TsoRequest failed"] [source=pingcap.pd] [thread_id=512]
[2024/09/17 19:29:07.319 +00:00] [WARN] [<unknown>] ["update ts error: Exception: Send TsoRequest failed"] [source=pd/oracle] [thread_id=512]
[2024/09/17 21:52:39.762 +00:00] [WARN] [StorageConfigParser.cpp:287] ["The configuration `path` is deprecated. Check [storage] section for new style."] [thread_id=1]
[2024/09/17 21:53:13.037 +00:00] [WARN] [StorageConfigParser.cpp:287] ["The configuration `path` is deprecated. Check [storage] section for new style."] [thread_id=1]
[2024/09/17 23:16:59.026 +00:00] [ERROR] [LocalAdmissionController.cpp:445] ["watch resource group event failed: read watch stream failed, CANCELLED"] [source=LocalAdmissionController] [thread_id=103]
[2024/09/17 23:17:11.377 +00:00] [WARN] [StorageConfigParser.cpp:287] ["The configuration `path` is deprecated. Check [storage] section for new style."] [thread_id=1]
[2024/09/17 23:25:50.359 +00:00] [ERROR] [LocalAdmissionController.cpp:445] ["watch resource group event failed: read watch stream failed, CANCELLED"] [source=LocalAdmissionController] [thread_id=80]
[2024/09/18 00:02:01.426 +00:00] [WARN] [StorageConfigParser.cpp:287] ["The configuration `path` is deprecated. Check [storage] section for new style."] [thread_id=1]
[2024/09/18 00:02:36.752 +00:00] [ERROR] [LocalAdmissionController.cpp:445] ["watch resource group event failed: read watch stream failed, CANCELLED"] [source=LocalAdmissionController] [thread_id=102]
[2024/09/18 00:07:55.225 +00:00] [WARN] [StorageConfigParser.cpp:287] ["The configuration `path` is deprecated. Check [storage] section for new style."] [thread_id=1]
[2024/09/18 07:12:31.106 +00:00] [ERROR] [LocalAdmissionController.cpp:445] ["watch resource group event failed: read watch stream failed, Socket closed"] [source=LocalAdmissionController] [thread_id=100]
[2024/09/18 07:12:33.302 +00:00] [ERROR] [LocalAdmissionController.h:600] ["delete server id(1105778459) from GAC failed: Code: 0, e.displayText() = DB::Exception: deleteServerIDFromGAC failed, grpc error: {}: Deadline Exceeded, e.what() = DB::Exception"] [source=LocalAdmissionController] [thread_id=1]
[2024/09/18 07:12:35.923 +00:00] [ERROR] [<unknown>] ["Send TsoRequest failed"] [source=pingcap.pd] [thread_id=505]
[2024/09/18 07:12:35.925 +00:00] [WARN] [<unknown>] ["update ts error: Exception: Send TsoRequest failed"] [source=pd/oracle] [thread_id=505]
[2024/09/18 07:47:02.078 +00:00] [WARN] [StorageConfigParser.cpp:287] ["The configuration `path` is deprecated. Check [storage] section for new style."] [thread_id=1]
